<?xml version="1.0" encoding="UTF-8"?>
<testng-results ignored="0" total="4" passed="4" failed="0" skipped="0">
  <reporter-output>
  </reporter-output>
  <suite started-at="2024-09-04T15:30:28 IST" name="PetSuite" finished-at="2024-09-04T15:30:40 IST" duration-ms="11883">
    <groups>
    </groups>
    <test started-at="2024-09-04T15:30:28 IST" name="PetTests" finished-at="2024-09-04T15:30:40 IST" duration-ms="11883">
      <class name="api.test.UserTest2">
        <test-method is-config="true" signature="setupData()[pri:0, instance:api.test.UserTest2@4fb0f2b9]" started-at="2024-09-04T15:30:29 IST" name="setupData" finished-at="2024-09-04T15:30:30 IST" duration-ms="1379" status="PASS">
          <reporter-output>
          </reporter-output>
        </test-method> <!-- setupData -->
        <test-method signature="testPostUser()[pri:1, instance:api.test.UserTest2@4fb0f2b9]" started-at="2024-09-04T15:30:30 IST" name="testPostUser" finished-at="2024-09-04T15:30:35 IST" duration-ms="4183" status="PASS">
          <reporter-output>
          </reporter-output>
        </test-method> <!-- testPostUser -->
        <test-method signature="testGetUserByName()[pri:2, instance:api.test.UserTest2@4fb0f2b9]" started-at="2024-09-04T15:30:35 IST" name="testGetUserByName" finished-at="2024-09-04T15:30:36 IST" duration-ms="1408" status="PASS">
          <reporter-output>
          </reporter-output>
        </test-method> <!-- testGetUserByName -->
        <test-method signature="testUpdateUserByName()[pri:3, instance:api.test.UserTest2@4fb0f2b9]" started-at="2024-09-04T15:30:36 IST" name="testUpdateUserByName" finished-at="2024-09-04T15:30:39 IST" duration-ms="2859" status="PASS">
          <reporter-output>
          </reporter-output>
        </test-method> <!-- testUpdateUserByName -->
        <test-method signature="testDeleteUserByName()[pri:4, instance:api.test.UserTest2@4fb0f2b9]" started-at="2024-09-04T15:30:39 IST" name="testDeleteUserByName" finished-at="2024-09-04T15:30:40 IST" duration-ms="1430" status="PASS">
          <reporter-output>
          </reporter-output>
        </test-method> <!-- testDeleteUserByName -->
      </class> <!-- api.test.UserTest2 -->
    </test> <!-- PetTests -->
  </suite> <!-- PetSuite -->
</testng-results>
