<?xml version="1.0" encoding="UTF-8"?>
<testng-results ignored="0" total="4" passed="4" failed="0" skipped="0">
  <reporter-output>
  </reporter-output>
  <suite started-at="2024-09-04T14:55:49 IST" name="PetSuite" finished-at="2024-09-04T14:56:01 IST" duration-ms="11597">
    <groups>
    </groups>
    <test started-at="2024-09-04T14:55:49 IST" name="PetTests" finished-at="2024-09-04T14:56:01 IST" duration-ms="11597">
      <class name="api.test.UserTest2">
        <test-method is-config="true" signature="setupData()[pri:0, instance:api.test.UserTest2@4550bb58]" started-at="2024-09-04T14:55:50 IST" name="setupData" finished-at="2024-09-04T14:55:51 IST" duration-ms="1261" status="PASS">
          <reporter-output>
          </reporter-output>
        </test-method> <!-- setupData -->
        <test-method signature="testPostUser()[pri:1, instance:api.test.UserTest2@4550bb58]" started-at="2024-09-04T14:55:51 IST" name="testPostUser" finished-at="2024-09-04T14:55:55 IST" duration-ms="3914" status="PASS">
          <reporter-output>
          </reporter-output>
        </test-method> <!-- testPostUser -->
        <test-method signature="testGetUserByName()[pri:2, instance:api.test.UserTest2@4550bb58]" started-at="2024-09-04T14:55:55 IST" name="testGetUserByName" finished-at="2024-09-04T14:55:56 IST" duration-ms="1646" status="PASS">
          <reporter-output>
          </reporter-output>
        </test-method> <!-- testGetUserByName -->
        <test-method signature="testUpdateUserByName()[pri:3, instance:api.test.UserTest2@4550bb58]" started-at="2024-09-04T14:55:56 IST" name="testUpdateUserByName" finished-at="2024-09-04T14:55:59 IST" duration-ms="2917" status="PASS">
          <reporter-output>
          </reporter-output>
        </test-method> <!-- testUpdateUserByName -->
        <test-method signature="testDeleteUserByName()[pri:4, instance:api.test.UserTest2@4550bb58]" started-at="2024-09-04T14:55:59 IST" name="testDeleteUserByName" finished-at="2024-09-04T14:56:01 IST" duration-ms="1381" status="PASS">
          <reporter-output>
          </reporter-output>
        </test-method> <!-- testDeleteUserByName -->
      </class> <!-- api.test.UserTest2 -->
    </test> <!-- PetTests -->
  </suite> <!-- PetSuite -->
</testng-results>
