<?xml version="1.0" encoding="UTF-8"?>
<!-- Generated by org.testng.reporters.JUnitXMLReporter -->
<testsuite ignored="0" hostname="MY-LAPTOP" failures="0" tests="4" name="PetTests" time="11.883" errors="0" timestamp="2024-09-04T15:30:41 IST">
  <testcase classname="api.test.UserTest2" name="testPostUser" time="4.183"/>
  <testcase classname="api.test.UserTest2" name="testGetUserByName" time="1.408"/>
  <testcase classname="api.test.UserTest2" name="testUpdateUserByName" time="2.859"/>
  <testcase classname="api.test.UserTest2" name="testDeleteUserByName" time="1.43"/>
</testsuite> <!-- PetTests -->
