<?xml version="1.0" encoding="UTF-8"?>
<!-- Generated by org.testng.reporters.JUnitXMLReporter -->
<testsuite ignored="0" hostname="MY-LAPTOP" failures="0" tests="4" name="PetTests" time="11.597" errors="0" timestamp="2024-09-04T14:56:01 IST">
  <testcase classname="api.test.UserTest2" name="testPostUser" time="3.914"/>
  <testcase classname="api.test.UserTest2" name="testGetUserByName" time="1.646"/>
  <testcase classname="api.test.UserTest2" name="testUpdateUserByName" time="2.917"/>
  <testcase classname="api.test.UserTest2" name="testDeleteUserByName" time="1.381"/>
</testsuite> <!-- PetTests -->
